#
# There is insufficient memory for the Java Runtime Environment to continue.
# Native memory allocation (mmap) failed to map 260046848 bytes for G1 virtual space
# Possible reasons:
#   The system is out of physical RAM or swap space
#   The process is running with CompressedOops enabled, and the Java Heap may be blocking the growth of the native heap
# Possible solutions:
#   Reduce memory load on the system
#   Increase physical memory or swap space
#   Check if swap backing store is full
#   Decrease Java heap size (-Xmx/-Xms)
#   Decrease number of Java threads
#   Decrease Java thread stack sizes (-Xss)
#   Set larger code cache with -XX:ReservedCodeCacheSize=
#   JVM is running with Zero Based Compressed Oops mode in which the Java heap is
#     placed in the first 32GB address space. The Java Heap base address is the
#     maximum limit for the native heap growth. Please use -XX:HeapBaseMinAddress
#     to set the Java Heap base and to place the Java Heap above 32GB virtual address.
# This output file may be truncated or incomplete.
#
#  Out of Memory Error (os_windows.cpp:3613), pid=23196, tid=23680
#
# JRE version:  (17.0.10+7) (build )
# Java VM: OpenJDK 64-Bit Server VM (17.0.10+7, mixed mode, sharing, tiered, compressed oops, compressed class ptrs, g1 gc, windows-amd64)
# No core dump will be written. Minidumps are not enabled by default on client versions of Windows
#

---------------  S U M M A R Y ------------

Command Line: -Dfile.encoding=UTF-8 -Dstdout.encoding=UTF-8 -Dstderr.encoding=UTF-8 -XX:+ShowCodeDetailsInExceptionMessages projeto_APII.principal

Host: AMD Ryzen 5 4600G with Radeon Graphics, 12 cores, 15G,  Windows 11 , 64 bit Build 22621 (10.0.22621.4391)
Time: Sun Nov  3 15:19:47 2024 Hora oficial do Brasil elapsed time: 0.008139 seconds (0d 0h 0m 0s)

---------------  T H R E A D  ---------------

Current thread (0x0000018d1827a300):  JavaThread "Unknown thread" [_thread_in_vm, id=23680, stack(0x00000076a7100000,0x00000076a7200000)]

Stack: [0x00000076a7100000,0x00000076a7200000]
Native frames: (J=compiled Java code, j=interpreted, Vv=VM code, C=native code)
V  [jvm.dll+0x67d2c9]
V  [jvm.dll+0x834afa]
V  [jvm.dll+0x8365be]
V  [jvm.dll+0x836c23]
V  [jvm.dll+0x2477ff]
V  [jvm.dll+0x67a109]
V  [jvm.dll+0x66eb7a]
V  [jvm.dll+0x30764b]
V  [jvm.dll+0x30eaf6]
V  [jvm.dll+0x35e83e]
V  [jvm.dll+0x35ea6f]
V  [jvm.dll+0x2de248]
V  [jvm.dll+0x2df1b4]
V  [jvm.dll+0x806361]
V  [jvm.dll+0x36c6f1]
V  [jvm.dll+0x7e4e06]
V  [jvm.dll+0x3eff3f]
V  [jvm.dll+0x3f1b71]
C  [jli.dll+0x528f]
C  [ucrtbase.dll+0x29333]
C  [KERNEL32.DLL+0x1259d]
C  [ntdll.dll+0x5af38]


---------------  P R O C E S S  ---------------

Threads class SMR info:
_java_thread_list=0x00007ffc923eee98, length=0, elements={
}

Java Threads: ( => current thread )

Other Threads:
  0x0000018d182e66b0 GCTaskThread "GC Thread#0" [stack: 0x00000076a7200000,0x00000076a7300000] [id=25252]
  0x0000018d18314a60 ConcurrentGCThread "G1 Main Marker" [stack: 0x00000076a7300000,0x00000076a7400000] [id=25580]
  0x0000018d18315480 ConcurrentGCThread "G1 Conc#0" [stack: 0x00000076a7400000,0x00000076a7500000] [id=1140]

[error occurred during error reporting (printing all threads), id 0xc0000005, EXCEPTION_ACCESS_VIOLATION (0xc0000005) at pc=0x00007ffc91baec87]

VM state: not at safepoint (not fully initialized)

VM Mutex/Monitor currently owned by a thread:  ([mutex/lock_event])
[0x0000018d18275710] Heap_lock - owner thread: 0x0000018d1827a300

Heap address: 0x0000000709e00000, size: 3938 MB, Compressed Oops mode: Zero based, Oop shift amount: 3

CDS archive(s) mapped at: [0x0000000000000000-0x0000000000000000-0x0000000000000000), size 0, SharedBaseAddress: 0x0000000800000000, ArchiveRelocationMode: 1.
Narrow klass base: 0x0000000000000000, Narrow klass shift: 0, Narrow klass range: 0x0

GC Precious Log:
<Empty>

Heap:
 garbage-first heap   total 0K, used 0K [0x0000000709e00000, 0x0000000800000000)
  region size 2048K, 0 young (0K), 0 survivors (0K)

[error occurred during error reporting (printing heap information), id 0xc0000005, EXCEPTION_ACCESS_VIOLATION (0xc0000005) at pc=0x00007ffc91f96fb9]

GC Heap History (0 events):
No events

Dll operation events (1 events):
Event: 0.005 Loaded shared library C:\Users\T-GAMER\.p2\pool\plugins\org.eclipse.justj.openjdk.hotspot.jre.full.win32.x86_64_17.0.10.v20240120-1143\jre\bin\java.dll

Deoptimization events (0 events):
No events

Classes unloaded (0 events):
No events

Classes redefined (0 events):
No events

Internal exceptions (0 events):
No events

VM Operations (0 events):
No events

Events (0 events):
No events


Dynamic libraries:
0x00007ff6f8bb0000 - 0x00007ff6f8bbe000 	C:\Users\T-GAMER\.p2\pool\plugins\org.eclipse.justj.openjdk.hotspot.jre.full.win32.x86_64_17.0.10.v20240120-1143\jre\bin\javaw.exe
0x00007ffcb87d0000 - 0x00007ffcb89e7000 	C:\WINDOWS\SYSTEM32\ntdll.dll
0x00007ffcb77d0000 - 0x00007ffcb7894000 	C:\WINDOWS\System32\KERNEL32.DLL
0x00007ffcb6130000 - 0x00007ffcb64e9000 	C:\WINDOWS\System32\KERNELBASE.dll
0x00007ffcb6010000 - 0x00007ffcb6121000 	C:\WINDOWS\System32\ucrtbase.dll
0x00007ffcb11f0000 - 0x00007ffcb1207000 	C:\Users\T-GAMER\.p2\pool\plugins\org.eclipse.justj.openjdk.hotspot.jre.full.win32.x86_64_17.0.10.v20240120-1143\jre\bin\jli.dll
0x00007ffcb1180000 - 0x00007ffcb119b000 	C:\Users\T-GAMER\.p2\pool\plugins\org.eclipse.justj.openjdk.hotspot.jre.full.win32.x86_64_17.0.10.v20240120-1143\jre\bin\VCRUNTIME140.dll
0x00007ffcb78a0000 - 0x00007ffcb7a4e000 	C:\WINDOWS\System32\USER32.dll
0x00007ffc9fa00000 - 0x00007ffc9fc92000 	C:\WINDOWS\WinSxS\amd64_microsoft.windows.common-controls_6595b64144ccf1df_6.0.22621.4391_none_2715d37f73803e96\COMCTL32.dll
0x00007ffcb5f60000 - 0x00007ffcb5f86000 	C:\WINDOWS\System32\win32u.dll
0x00007ffcb8650000 - 0x00007ffcb8679000 	C:\WINDOWS\System32\GDI32.dll
0x00007ffcb7db0000 - 0x00007ffcb7e57000 	C:\WINDOWS\System32\msvcrt.dll
0x00007ffcb5e40000 - 0x00007ffcb5f5b000 	C:\WINDOWS\System32\gdi32full.dll
0x00007ffcb5ad0000 - 0x00007ffcb5b6a000 	C:\WINDOWS\System32\msvcp_win.dll
0x00007ffcb7b30000 - 0x00007ffcb7b61000 	C:\WINDOWS\System32\IMM32.DLL
0x00007ffcb1260000 - 0x00007ffcb126c000 	C:\Users\T-GAMER\.p2\pool\plugins\org.eclipse.justj.openjdk.hotspot.jre.full.win32.x86_64_17.0.10.v20240120-1143\jre\bin\vcruntime140_1.dll
0x00007ffc92910000 - 0x00007ffc9299d000 	C:\Users\T-GAMER\.p2\pool\plugins\org.eclipse.justj.openjdk.hotspot.jre.full.win32.x86_64_17.0.10.v20240120-1143\jre\bin\msvcp140.dll
0x00007ffc918c0000 - 0x00007ffc92522000 	C:\Users\T-GAMER\.p2\pool\plugins\org.eclipse.justj.openjdk.hotspot.jre.full.win32.x86_64_17.0.10.v20240120-1143\jre\bin\server\jvm.dll
0x00007ffcb6ab0000 - 0x00007ffcb6b62000 	C:\WINDOWS\System32\ADVAPI32.dll
0x00007ffcb86e0000 - 0x00007ffcb8787000 	C:\WINDOWS\System32\sechost.dll
0x00007ffcb5e10000 - 0x00007ffcb5e38000 	C:\WINDOWS\System32\bcrypt.dll
0x00007ffcb75f0000 - 0x00007ffcb7704000 	C:\WINDOWS\System32\RPCRT4.dll
0x00007ffcb1250000 - 0x00007ffcb1259000 	C:\WINDOWS\SYSTEM32\WSOCK32.dll
0x00007ffcb59a0000 - 0x00007ffcb59ed000 	C:\WINDOWS\SYSTEM32\POWRPROF.dll
0x00007ffcb7d30000 - 0x00007ffcb7da1000 	C:\WINDOWS\System32\WS2_32.dll
0x00007ffcae760000 - 0x00007ffcae76a000 	C:\WINDOWS\SYSTEM32\VERSION.dll
0x00007ffca61f0000 - 0x00007ffca6224000 	C:\WINDOWS\SYSTEM32\WINMM.dll
0x00007ffcb5980000 - 0x00007ffcb5993000 	C:\WINDOWS\SYSTEM32\UMPDC.dll
0x00007ffcb4b10000 - 0x00007ffcb4b28000 	C:\WINDOWS\SYSTEM32\kernel.appcore.dll
0x00007ffcb11d0000 - 0x00007ffcb11da000 	C:\Users\T-GAMER\.p2\pool\plugins\org.eclipse.justj.openjdk.hotspot.jre.full.win32.x86_64_17.0.10.v20240120-1143\jre\bin\jimage.dll
0x00007ffcb3140000 - 0x00007ffcb3372000 	C:\WINDOWS\SYSTEM32\DBGHELP.DLL
0x00007ffcb64f0000 - 0x00007ffcb687f000 	C:\WINDOWS\System32\combase.dll
0x00007ffcb7a50000 - 0x00007ffcb7b27000 	C:\WINDOWS\System32\OLEAUT32.dll
0x00007ffc99c90000 - 0x00007ffc99cc2000 	C:\WINDOWS\SYSTEM32\dbgcore.DLL
0x00007ffcb5f90000 - 0x00007ffcb600b000 	C:\WINDOWS\System32\bcryptPrimitives.dll
0x00007ffcaf250000 - 0x00007ffcaf275000 	C:\Users\T-GAMER\.p2\pool\plugins\org.eclipse.justj.openjdk.hotspot.jre.full.win32.x86_64_17.0.10.v20240120-1143\jre\bin\java.dll

dbghelp: loaded successfully - version: 4.0.5 - missing functions: none
symbol engine: initialized successfully - sym options: 0x614 - pdb path: .;C:\Users\T-GAMER\.p2\pool\plugins\org.eclipse.justj.openjdk.hotspot.jre.full.win32.x86_64_17.0.10.v20240120-1143\jre\bin;C:\WINDOWS\SYSTEM32;C:\WINDOWS\WinSxS\amd64_microsoft.windows.common-controls_6595b64144ccf1df_6.0.22621.4391_none_2715d37f73803e96;C:\Users\T-GAMER\.p2\pool\plugins\org.eclipse.justj.openjdk.hotspot.jre.full.win32.x86_64_17.0.10.v20240120-1143\jre\bin\server

VM Arguments:
jvm_args: -Dfile.encoding=UTF-8 -Dstdout.encoding=UTF-8 -Dstderr.encoding=UTF-8 -XX:+ShowCodeDetailsInExceptionMessages 
java_command: projeto_APII.principal
java_class_path (initial): C:\Users\T-GAMER\OneDrive\Documentos\Projetos JAVA\projeto_APII\bin
Launcher Type: SUN_STANDARD

[Global flags]
     intx CICompilerCount                          = 4                                         {product} {ergonomic}
     uint ConcGCThreads                            = 3                                         {product} {ergonomic}
     uint G1ConcRefinementThreads                  = 10                                        {product} {ergonomic}
   size_t G1HeapRegionSize                         = 2097152                                   {product} {ergonomic}
    uintx GCDrainStackTargetSize                   = 64                                        {product} {ergonomic}
   size_t InitialHeapSize                          = 260046848                                 {product} {ergonomic}
   size_t MarkStackSize                            = 4194304                                   {product} {ergonomic}
   size_t MaxHeapSize                              = 4129292288                                {product} {ergonomic}
   size_t MinHeapDeltaBytes                        = 2097152                                   {product} {ergonomic}
   size_t MinHeapSize                              = 8388608                                   {product} {ergonomic}
    uintx NonNMethodCodeHeapSize                   = 5839372                                {pd product} {ergonomic}
    uintx NonProfiledCodeHeapSize                  = 122909434                              {pd product} {ergonomic}
    uintx ProfiledCodeHeapSize                     = 122909434                              {pd product} {ergonomic}
    uintx ReservedCodeCacheSize                    = 251658240                              {pd product} {ergonomic}
     bool SegmentedCodeCache                       = true                                      {product} {ergonomic}
     bool ShowCodeDetailsInExceptionMessages       = true                                   {manageable} {command line}
   size_t SoftMaxHeapSize                          = 4129292288                             {manageable} {ergonomic}
     bool UseCompressedClassPointers               = true                           {product lp64_product} {ergonomic}
     bool UseCompressedOops                        = true                           {product lp64_product} {ergonomic}
     bool UseG1GC                                  = true                                      {product} {ergonomic}
     bool UseLargePagesIndividualAllocation        = false                                  {pd product} {ergonomic}

Logging:
Log output configuration:
 #0: stdout all=warning uptime,level,tags
 #1: stderr all=off uptime,level,tags

Environment Variables:
PATH=C:/Users/T-GAMER/.p2/pool/plugins/org.eclipse.justj.openjdk.hotspot.jre.full.win32.x86_64_17.0.10.v20240120-1143/jre/bin/server;C:/Users/T-GAMER/.p2/pool/plugins/org.eclipse.justj.openjdk.hotspot.jre.full.win32.x86_64_17.0.10.v20240120-1143/jre/bin;C:\Program Files\Common Files\Oracle\Java\javapath;C:\Program Files (x86)\Common Files\Oracle\Java\javapath;C:\Windows\system32;C:\Windows;C:\Windows\System32\Wbem;C:\Windows\System32\WindowsPowerShell\v1.0\;C:\Windows\System32\OpenSSH\;C:\Program Files (x86)\NVIDIA Corporation\PhysX\Common;C:\WINDOWS\system32;C:\WINDOWS;C:\WINDOWS\System32\Wbem;C:\WINDOWS\System32\WindowsPowerShell\v1.0\;C:\WINDOWS\System32\OpenSSH\;C:\Program Files\Git\cmd;C:\Users\T-GAMER\AppData\Local\Microsoft\WindowsApps;;C:\Users\T-GAMER\AppData\Local\Programs\Microsoft VS Code\bin;C:\WINDOWS\system32;
USERNAME=brenor
OS=Windows_NT
PROCESSOR_IDENTIFIER=AMD64 Family 23 Model 96 Stepping 1, AuthenticAMD
TMP=C:\Users\T-GAMER\AppData\Local\Temp
TEMP=C:\Users\T-GAMER\AppData\Local\Temp



Periodic native trim disabled


---------------  S Y S T E M  ---------------

OS:
 Windows 11 , 64 bit Build 22621 (10.0.22621.4391)
OS uptime: 0 days 5:16 hours

CPU: total 12 (initial active 12) (12 cores per cpu, 2 threads per core) family 23 model 96 stepping 1 microcode 0x0, cx8, cmov, fxsr, ht, mmx, 3dnowpref, sse, sse2, sse3, ssse3, sse4a, sse4.1, sse4.2, popcnt, lzcnt, tsc, tscinvbit, avx, avx2, aes, clmul, bmi1, bmi2, adx, sha, fma, vzeroupper, clflush, clflushopt
Processor Information for all 12 processors :
  Max Mhz: 3701, Current Mhz: 3701, Mhz Limit: 3701

Memory: 4k page, system-wide physical 15744M (4157M free)
TotalPageFile size 44264M (AvailPageFile size 71M)
current process WorkingSet (physical memory assigned to process): 11M, peak: 11M
current process commit charge ("private bytes"): 64M, peak: 312M

vm_info: OpenJDK 64-Bit Server VM (17.0.10+7) for windows-amd64 JRE (17.0.10+7), built on Jan 16 2024 23:25:11 by "admin" with MS VC++ 16.10 / 16.11 (VS2019)

END.
